versions pytest-2.9.1, py-1.4.31, python-2.7.11.final.0
cwd=/Users/danilkhatsanovsky/sample-code/sample-code/examples/python
args=['ios_complex.py', '--debug']

  pytest_cmdline_main [hook]
      config: <_pytest.config.Config object at 0x10243c2d0>
    pytest_plugin_registered [hook]
        manager: <_pytest.config.PytestPluginManager object at 0x102425a10>
        plugin: <Session 'python'>
    finish pytest_plugin_registered --> [] [hook]
    pytest_configure [hook]
        config: <_pytest.config.Config object at 0x10243c2d0>
      pytest_plugin_registered [hook]
          manager: <_pytest.config.PytestPluginManager object at 0x102425a10>
          plugin: <_pytest.cacheprovider.LFPlugin instance at 0x102d66e18>
      finish pytest_plugin_registered --> [] [hook]
    configured with mode set to 'rewrite' [assertion]
      pytest_plugin_registered [hook]
          manager: <_pytest.config.PytestPluginManager object at 0x102425a10>
          __multicall__: <_MultiCall 0 results, 0 meths, kwargs={'manager': <_pytest.config.PytestPluginManager object at 0x102425a10>, '__multicall__': <_MultiCall 0 results, 0 meths, kwargs={...}>, 'plugin': <_pytest.config.PytestPluginManager object at 0x102425a10>}>
          plugin: <_pytest.config.PytestPluginManager object at 0x102425a10>
      finish pytest_plugin_registered --> [] [hook]
      pytest_plugin_registered [hook]
          manager: <_pytest.config.PytestPluginManager object at 0x102425a10>
          __multicall__: <_MultiCall 0 results, 0 meths, kwargs={'manager': <_pytest.config.PytestPluginManager object at 0x102425a10>, '__multicall__': <_MultiCall 0 results, 0 meths, kwargs={...}>, 'plugin': <_pytest.config.Config object at 0x10243c2d0>}>
          plugin: <_pytest.config.Config object at 0x10243c2d0>
      finish pytest_plugin_registered --> [] [hook]
      pytest_plugin_registered [hook]
          manager: <_pytest.config.PytestPluginManager object at 0x102425a10>
          __multicall__: <_MultiCall 0 results, 0 meths, kwargs={'manager': <_pytest.config.PytestPluginManager object at 0x102425a10>, '__multicall__': <_MultiCall 0 results, 0 meths, kwargs={...}>, 'plugin': <module '_pytest.mark' from '/usr/local/lib/python2.7/site-packages/_pytest/mark.pyc'>}>
          plugin: <module '_pytest.mark' from '/usr/local/lib/python2.7/site-packages/_pytest/mark.pyc'>
      finish pytest_plugin_registered --> [] [hook]
      pytest_plugin_registered [hook]
          manager: <_pytest.config.PytestPluginManager object at 0x102425a10>
          __multicall__: <_MultiCall 0 results, 0 meths, kwargs={'manager': <_pytest.config.PytestPluginManager object at 0x102425a10>, '__multicall__': <_MultiCall 0 results, 0 meths, kwargs={...}>, 'plugin': <module '_pytest.main' from '/usr/local/lib/python2.7/site-packages/_pytest/main.pyc'>}>
          plugin: <module '_pytest.main' from '/usr/local/lib/python2.7/site-packages/_pytest/main.pyc'>
      finish pytest_plugin_registered --> [] [hook]
      pytest_plugin_registered [hook]
          manager: <_pytest.config.PytestPluginManager object at 0x102425a10>
          __multicall__: <_MultiCall 0 results, 0 meths, kwargs={'manager': <_pytest.config.PytestPluginManager object at 0x102425a10>, '__multicall__': <_MultiCall 0 results, 0 meths, kwargs={...}>, 'plugin': <module '_pytest.terminal' from '/usr/local/lib/python2.7/site-packages/_pytest/terminal.pyc'>}>
          plugin: <module '_pytest.terminal' from '/usr/local/lib/python2.7/site-packages/_pytest/terminal.pyc'>
      finish pytest_plugin_registered --> [] [hook]
      pytest_plugin_registered [hook]
          manager: <_pytest.config.PytestPluginManager object at 0x102425a10>
          __multicall__: <_MultiCall 0 results, 0 meths, kwargs={'manager': <_pytest.config.PytestPluginManager object at 0x102425a10>, '__multicall__': <_MultiCall 0 results, 0 meths, kwargs={...}>, 'plugin': <module '_pytest.runner' from '/usr/local/lib/python2.7/site-packages/_pytest/runner.pyc'>}>
          plugin: <module '_pytest.runner' from '/usr/local/lib/python2.7/site-packages/_pytest/runner.pyc'>
      finish pytest_plugin_registered --> [] [hook]
      pytest_plugin_registered [hook]
          manager: <_pytest.config.PytestPluginManager object at 0x102425a10>
          __multicall__: <_MultiCall 0 results, 0 meths, kwargs={'manager': <_pytest.config.PytestPluginManager object at 0x102425a10>, '__multicall__': <_MultiCall 0 results, 0 meths, kwargs={...}>, 'plugin': <module '_pytest.python' from '/usr/local/lib/python2.7/site-packages/_pytest/python.pyc'>}>
          plugin: <module '_pytest.python' from '/usr/local/lib/python2.7/site-packages/_pytest/python.pyc'>
      finish pytest_plugin_registered --> [] [hook]
      pytest_plugin_registered [hook]
          manager: <_pytest.config.PytestPluginManager object at 0x102425a10>
          __multicall__: <_MultiCall 0 results, 0 meths, kwargs={'manager': <_pytest.config.PytestPluginManager object at 0x102425a10>, '__multicall__': <_MultiCall 0 results, 0 meths, kwargs={...}>, 'plugin': <module '_pytest.pdb' from '/usr/local/lib/python2.7/site-packages/_pytest/pdb.pyc'>}>
          plugin: <module '_pytest.pdb' from '/usr/local/lib/python2.7/site-packages/_pytest/pdb.pyc'>
      finish pytest_plugin_registered --> [] [hook]
      pytest_plugin_registered [hook]
          manager: <_pytest.config.PytestPluginManager object at 0x102425a10>
          __multicall__: <_MultiCall 0 results, 0 meths, kwargs={'manager': <_pytest.config.PytestPluginManager object at 0x102425a10>, '__multicall__': <_MultiCall 0 results, 0 meths, kwargs={...}>, 'plugin': <module '_pytest.unittest' from '/usr/local/lib/python2.7/site-packages/_pytest/unittest.pyc'>}>
          plugin: <module '_pytest.unittest' from '/usr/local/lib/python2.7/site-packages/_pytest/unittest.pyc'>
      finish pytest_plugin_registered --> [] [hook]
      pytest_plugin_registered [hook]
          manager: <_pytest.config.PytestPluginManager object at 0x102425a10>
          __multicall__: <_MultiCall 0 results, 0 meths, kwargs={'manager': <_pytest.config.PytestPluginManager object at 0x102425a10>, '__multicall__': <_MultiCall 0 results, 0 meths, kwargs={...}>, 'plugin': <module '_pytest.capture' from '/usr/local/lib/python2.7/site-packages/_pytest/capture.pyc'>}>
          plugin: <module '_pytest.capture' from '/usr/local/lib/python2.7/site-packages/_pytest/capture.pyc'>
      finish pytest_plugin_registered --> [] [hook]
      pytest_plugin_registered [hook]
          manager: <_pytest.config.PytestPluginManager object at 0x102425a10>
          __multicall__: <_MultiCall 0 results, 0 meths, kwargs={'manager': <_pytest.config.PytestPluginManager object at 0x102425a10>, '__multicall__': <_MultiCall 0 results, 0 meths, kwargs={...}>, 'plugin': <module '_pytest.skipping' from '/usr/local/lib/python2.7/site-packages/_pytest/skipping.pyc'>}>
          plugin: <module '_pytest.skipping' from '/usr/local/lib/python2.7/site-packages/_pytest/skipping.pyc'>
      finish pytest_plugin_registered --> [] [hook]
      pytest_plugin_registered [hook]
          manager: <_pytest.config.PytestPluginManager object at 0x102425a10>
          __multicall__: <_MultiCall 0 results, 0 meths, kwargs={'manager': <_pytest.config.PytestPluginManager object at 0x102425a10>, '__multicall__': <_MultiCall 0 results, 0 meths, kwargs={...}>, 'plugin': <module '_pytest.tmpdir' from '/usr/local/lib/python2.7/site-packages/_pytest/tmpdir.pyc'>}>
          plugin: <module '_pytest.tmpdir' from '/usr/local/lib/python2.7/site-packages/_pytest/tmpdir.pyc'>
      finish pytest_plugin_registered --> [] [hook]
      pytest_plugin_registered [hook]
          manager: <_pytest.config.PytestPluginManager object at 0x102425a10>
          __multicall__: <_MultiCall 0 results, 0 meths, kwargs={'manager': <_pytest.config.PytestPluginManager object at 0x102425a10>, '__multicall__': <_MultiCall 0 results, 0 meths, kwargs={...}>, 'plugin': <module '_pytest.monkeypatch' from '/usr/local/lib/python2.7/site-packages/_pytest/monkeypatch.pyc'>}>
          plugin: <module '_pytest.monkeypatch' from '/usr/local/lib/python2.7/site-packages/_pytest/monkeypatch.pyc'>
      finish pytest_plugin_registered --> [] [hook]
      pytest_plugin_registered [hook]
          manager: <_pytest.config.PytestPluginManager object at 0x102425a10>
          __multicall__: <_MultiCall 0 results, 0 meths, kwargs={'manager': <_pytest.config.PytestPluginManager object at 0x102425a10>, '__multicall__': <_MultiCall 0 results, 0 meths, kwargs={...}>, 'plugin': <module '_pytest.recwarn' from '/usr/local/lib/python2.7/site-packages/_pytest/recwarn.pyc'>}>
          plugin: <module '_pytest.recwarn' from '/usr/local/lib/python2.7/site-packages/_pytest/recwarn.pyc'>
      finish pytest_plugin_registered --> [] [hook]
      pytest_plugin_registered [hook]
          manager: <_pytest.config.PytestPluginManager object at 0x102425a10>
          __multicall__: <_MultiCall 0 results, 0 meths, kwargs={'manager': <_pytest.config.PytestPluginManager object at 0x102425a10>, '__multicall__': <_MultiCall 0 results, 0 meths, kwargs={...}>, 'plugin': <module '_pytest.pastebin' from '/usr/local/lib/python2.7/site-packages/_pytest/pastebin.pyc'>}>
          plugin: <module '_pytest.pastebin' from '/usr/local/lib/python2.7/site-packages/_pytest/pastebin.pyc'>
      finish pytest_plugin_registered --> [] [hook]
      pytest_plugin_registered [hook]
          manager: <_pytest.config.PytestPluginManager object at 0x102425a10>
          __multicall__: <_MultiCall 0 results, 0 meths, kwargs={'manager': <_pytest.config.PytestPluginManager object at 0x102425a10>, '__multicall__': <_MultiCall 0 results, 0 meths, kwargs={...}>, 'plugin': <module '_pytest.helpconfig' from '/usr/local/lib/python2.7/site-packages/_pytest/helpconfig.pyc'>}>
          plugin: <module '_pytest.helpconfig' from '/usr/local/lib/python2.7/site-packages/_pytest/helpconfig.pyc'>
      finish pytest_plugin_registered --> [] [hook]
      pytest_plugin_registered [hook]
          manager: <_pytest.config.PytestPluginManager object at 0x102425a10>
          __multicall__: <_MultiCall 0 results, 0 meths, kwargs={'manager': <_pytest.config.PytestPluginManager object at 0x102425a10>, '__multicall__': <_MultiCall 0 results, 0 meths, kwargs={...}>, 'plugin': <module '_pytest.nose' from '/usr/local/lib/python2.7/site-packages/_pytest/nose.pyc'>}>
          plugin: <module '_pytest.nose' from '/usr/local/lib/python2.7/site-packages/_pytest/nose.pyc'>
      finish pytest_plugin_registered --> [] [hook]
      pytest_plugin_registered [hook]
          manager: <_pytest.config.PytestPluginManager object at 0x102425a10>
          __multicall__: <_MultiCall 0 results, 0 meths, kwargs={'manager': <_pytest.config.PytestPluginManager object at 0x102425a10>, '__multicall__': <_MultiCall 0 results, 0 meths, kwargs={...}>, 'plugin': <module '_pytest.assertion' from '/usr/local/lib/python2.7/site-packages/_pytest/assertion/__init__.pyc'>}>
          plugin: <module '_pytest.assertion' from '/usr/local/lib/python2.7/site-packages/_pytest/assertion/__init__.pyc'>
      finish pytest_plugin_registered --> [] [hook]
      pytest_plugin_registered [hook]
          manager: <_pytest.config.PytestPluginManager object at 0x102425a10>
          __multicall__: <_MultiCall 0 results, 0 meths, kwargs={'manager': <_pytest.config.PytestPluginManager object at 0x102425a10>, '__multicall__': <_MultiCall 0 results, 0 meths, kwargs={...}>, 'plugin': <module '_pytest.genscript' from '/usr/local/lib/python2.7/site-packages/_pytest/genscript.pyc'>}>
          plugin: <module '_pytest.genscript' from '/usr/local/lib/python2.7/site-packages/_pytest/genscript.pyc'>
      finish pytest_plugin_registered --> [] [hook]
      pytest_plugin_registered [hook]
          manager: <_pytest.config.PytestPluginManager object at 0x102425a10>
          __multicall__: <_MultiCall 0 results, 0 meths, kwargs={'manager': <_pytest.config.PytestPluginManager object at 0x102425a10>, '__multicall__': <_MultiCall 0 results, 0 meths, kwargs={...}>, 'plugin': <module '_pytest.junitxml' from '/usr/local/lib/python2.7/site-packages/_pytest/junitxml.pyc'>}>
          plugin: <module '_pytest.junitxml' from '/usr/local/lib/python2.7/site-packages/_pytest/junitxml.pyc'>
      finish pytest_plugin_registered --> [] [hook]
      pytest_plugin_registered [hook]
          manager: <_pytest.config.PytestPluginManager object at 0x102425a10>
          __multicall__: <_MultiCall 0 results, 0 meths, kwargs={'manager': <_pytest.config.PytestPluginManager object at 0x102425a10>, '__multicall__': <_MultiCall 0 results, 0 meths, kwargs={...}>, 'plugin': <module '_pytest.resultlog' from '/usr/local/lib/python2.7/site-packages/_pytest/resultlog.pyc'>}>
          plugin: <module '_pytest.resultlog' from '/usr/local/lib/python2.7/site-packages/_pytest/resultlog.pyc'>
      finish pytest_plugin_registered --> [] [hook]
      pytest_plugin_registered [hook]
          manager: <_pytest.config.PytestPluginManager object at 0x102425a10>
          __multicall__: <_MultiCall 0 results, 0 meths, kwargs={'manager': <_pytest.config.PytestPluginManager object at 0x102425a10>, '__multicall__': <_MultiCall 0 results, 0 meths, kwargs={...}>, 'plugin': <module '_pytest.doctest' from '/usr/local/lib/python2.7/site-packages/_pytest/doctest.pyc'>}>
          plugin: <module '_pytest.doctest' from '/usr/local/lib/python2.7/site-packages/_pytest/doctest.pyc'>
      finish pytest_plugin_registered --> [] [hook]
      pytest_plugin_registered [hook]
          manager: <_pytest.config.PytestPluginManager object at 0x102425a10>
          __multicall__: <_MultiCall 0 results, 0 meths, kwargs={'manager': <_pytest.config.PytestPluginManager object at 0x102425a10>, '__multicall__': <_MultiCall 0 results, 0 meths, kwargs={...}>, 'plugin': <module '_pytest.cacheprovider' from '/usr/local/lib/python2.7/site-packages/_pytest/cacheprovider.pyc'>}>
          plugin: <module '_pytest.cacheprovider' from '/usr/local/lib/python2.7/site-packages/_pytest/cacheprovider.pyc'>
      finish pytest_plugin_registered --> [] [hook]
      pytest_plugin_registered [hook]
          manager: <_pytest.config.PytestPluginManager object at 0x102425a10>
          __multicall__: <_MultiCall 0 results, 0 meths, kwargs={'manager': <_pytest.config.PytestPluginManager object at 0x102425a10>, '__multicall__': <_MultiCall 0 results, 0 meths, kwargs={...}>, 'plugin': <_pytest.capture.CaptureManager instance at 0x102d6b200>}>
          plugin: <_pytest.capture.CaptureManager instance at 0x102d6b200>
      finish pytest_plugin_registered --> [] [hook]
      pytest_plugin_registered [hook]
          manager: <_pytest.config.PytestPluginManager object at 0x102425a10>
          __multicall__: <_MultiCall 0 results, 0 meths, kwargs={'manager': <_pytest.config.PytestPluginManager object at 0x102425a10>, '__multicall__': <_MultiCall 0 results, 0 meths, kwargs={...}>, 'plugin': <Session 'python'>}>
          plugin: <Session 'python'>
      finish pytest_plugin_registered --> [] [hook]
      pytest_plugin_registered [hook]
          manager: <_pytest.config.PytestPluginManager object at 0x102425a10>
          __multicall__: <_MultiCall 0 results, 0 meths, kwargs={'manager': <_pytest.config.PytestPluginManager object at 0x102425a10>, '__multicall__': <_MultiCall 0 results, 0 meths, kwargs={...}>, 'plugin': <_pytest.cacheprovider.LFPlugin instance at 0x102d66e18>}>
          plugin: <_pytest.cacheprovider.LFPlugin instance at 0x102d66e18>
      finish pytest_plugin_registered --> [] [hook]
      pytest_plugin_registered [hook]
          manager: <_pytest.config.PytestPluginManager object at 0x102425a10>
          plugin: <_pytest.terminal.TerminalReporter instance at 0x102da1248>
      finish pytest_plugin_registered --> [] [hook]
    finish pytest_configure --> [] [hook]
    pytest_sessionstart [hook]
        session: <Session 'python'>
      pytest_plugin_registered [hook]
          manager: <_pytest.config.PytestPluginManager object at 0x102425a10>
          __multicall__: <_MultiCall 0 results, 0 meths, kwargs={'manager': <_pytest.config.PytestPluginManager object at 0x102425a10>, '__multicall__': <_MultiCall 0 results, 0 meths, kwargs={...}>, 'plugin': <_pytest.config.PytestPluginManager object at 0x102425a10>}>
          plugin: <_pytest.config.PytestPluginManager object at 0x102425a10>
      finish pytest_plugin_registered --> [] [hook]
      pytest_plugin_registered [hook]
          manager: <_pytest.config.PytestPluginManager object at 0x102425a10>
          __multicall__: <_MultiCall 0 results, 0 meths, kwargs={'manager': <_pytest.config.PytestPluginManager object at 0x102425a10>, '__multicall__': <_MultiCall 0 results, 0 meths, kwargs={...}>, 'plugin': <_pytest.config.Config object at 0x10243c2d0>}>
          plugin: <_pytest.config.Config object at 0x10243c2d0>
      finish pytest_plugin_registered --> [] [hook]
      pytest_plugin_registered [hook]
          manager: <_pytest.config.PytestPluginManager object at 0x102425a10>
          __multicall__: <_MultiCall 0 results, 0 meths, kwargs={'manager': <_pytest.config.PytestPluginManager object at 0x102425a10>, '__multicall__': <_MultiCall 0 results, 0 meths, kwargs={...}>, 'plugin': <module '_pytest.mark' from '/usr/local/lib/python2.7/site-packages/_pytest/mark.pyc'>}>
          plugin: <module '_pytest.mark' from '/usr/local/lib/python2.7/site-packages/_pytest/mark.pyc'>
      finish pytest_plugin_registered --> [] [hook]
      pytest_plugin_registered [hook]
          manager: <_pytest.config.PytestPluginManager object at 0x102425a10>
          __multicall__: <_MultiCall 0 results, 0 meths, kwargs={'manager': <_pytest.config.PytestPluginManager object at 0x102425a10>, '__multicall__': <_MultiCall 0 results, 0 meths, kwargs={...}>, 'plugin': <module '_pytest.main' from '/usr/local/lib/python2.7/site-packages/_pytest/main.pyc'>}>
          plugin: <module '_pytest.main' from '/usr/local/lib/python2.7/site-packages/_pytest/main.pyc'>
      finish pytest_plugin_registered --> [] [hook]
      pytest_plugin_registered [hook]
          manager: <_pytest.config.PytestPluginManager object at 0x102425a10>
          __multicall__: <_MultiCall 0 results, 0 meths, kwargs={'manager': <_pytest.config.PytestPluginManager object at 0x102425a10>, '__multicall__': <_MultiCall 0 results, 0 meths, kwargs={...}>, 'plugin': <module '_pytest.terminal' from '/usr/local/lib/python2.7/site-packages/_pytest/terminal.pyc'>}>
          plugin: <module '_pytest.terminal' from '/usr/local/lib/python2.7/site-packages/_pytest/terminal.pyc'>
      finish pytest_plugin_registered --> [] [hook]
      pytest_plugin_registered [hook]
          manager: <_pytest.config.PytestPluginManager object at 0x102425a10>
          __multicall__: <_MultiCall 0 results, 0 meths, kwargs={'manager': <_pytest.config.PytestPluginManager object at 0x102425a10>, '__multicall__': <_MultiCall 0 results, 0 meths, kwargs={...}>, 'plugin': <module '_pytest.runner' from '/usr/local/lib/python2.7/site-packages/_pytest/runner.pyc'>}>
          plugin: <module '_pytest.runner' from '/usr/local/lib/python2.7/site-packages/_pytest/runner.pyc'>
      finish pytest_plugin_registered --> [] [hook]
      pytest_plugin_registered [hook]
          manager: <_pytest.config.PytestPluginManager object at 0x102425a10>
          __multicall__: <_MultiCall 0 results, 0 meths, kwargs={'manager': <_pytest.config.PytestPluginManager object at 0x102425a10>, '__multicall__': <_MultiCall 0 results, 0 meths, kwargs={...}>, 'plugin': <module '_pytest.python' from '/usr/local/lib/python2.7/site-packages/_pytest/python.pyc'>}>
          plugin: <module '_pytest.python' from '/usr/local/lib/python2.7/site-packages/_pytest/python.pyc'>
      finish pytest_plugin_registered --> [] [hook]
      pytest_plugin_registered [hook]
          manager: <_pytest.config.PytestPluginManager object at 0x102425a10>
          __multicall__: <_MultiCall 0 results, 0 meths, kwargs={'manager': <_pytest.config.PytestPluginManager object at 0x102425a10>, '__multicall__': <_MultiCall 0 results, 0 meths, kwargs={...}>, 'plugin': <module '_pytest.pdb' from '/usr/local/lib/python2.7/site-packages/_pytest/pdb.pyc'>}>
          plugin: <module '_pytest.pdb' from '/usr/local/lib/python2.7/site-packages/_pytest/pdb.pyc'>
      finish pytest_plugin_registered --> [] [hook]
      pytest_plugin_registered [hook]
          manager: <_pytest.config.PytestPluginManager object at 0x102425a10>
          __multicall__: <_MultiCall 0 results, 0 meths, kwargs={'manager': <_pytest.config.PytestPluginManager object at 0x102425a10>, '__multicall__': <_MultiCall 0 results, 0 meths, kwargs={...}>, 'plugin': <module '_pytest.unittest' from '/usr/local/lib/python2.7/site-packages/_pytest/unittest.pyc'>}>
          plugin: <module '_pytest.unittest' from '/usr/local/lib/python2.7/site-packages/_pytest/unittest.pyc'>
      finish pytest_plugin_registered --> [] [hook]
      pytest_plugin_registered [hook]
          manager: <_pytest.config.PytestPluginManager object at 0x102425a10>
          __multicall__: <_MultiCall 0 results, 0 meths, kwargs={'manager': <_pytest.config.PytestPluginManager object at 0x102425a10>, '__multicall__': <_MultiCall 0 results, 0 meths, kwargs={...}>, 'plugin': <module '_pytest.capture' from '/usr/local/lib/python2.7/site-packages/_pytest/capture.pyc'>}>
          plugin: <module '_pytest.capture' from '/usr/local/lib/python2.7/site-packages/_pytest/capture.pyc'>
      finish pytest_plugin_registered --> [] [hook]
      pytest_plugin_registered [hook]
          manager: <_pytest.config.PytestPluginManager object at 0x102425a10>
          __multicall__: <_MultiCall 0 results, 0 meths, kwargs={'manager': <_pytest.config.PytestPluginManager object at 0x102425a10>, '__multicall__': <_MultiCall 0 results, 0 meths, kwargs={...}>, 'plugin': <module '_pytest.skipping' from '/usr/local/lib/python2.7/site-packages/_pytest/skipping.pyc'>}>
          plugin: <module '_pytest.skipping' from '/usr/local/lib/python2.7/site-packages/_pytest/skipping.pyc'>
      finish pytest_plugin_registered --> [] [hook]
      pytest_plugin_registered [hook]
          manager: <_pytest.config.PytestPluginManager object at 0x102425a10>
          __multicall__: <_MultiCall 0 results, 0 meths, kwargs={'manager': <_pytest.config.PytestPluginManager object at 0x102425a10>, '__multicall__': <_MultiCall 0 results, 0 meths, kwargs={...}>, 'plugin': <module '_pytest.tmpdir' from '/usr/local/lib/python2.7/site-packages/_pytest/tmpdir.pyc'>}>
          plugin: <module '_pytest.tmpdir' from '/usr/local/lib/python2.7/site-packages/_pytest/tmpdir.pyc'>
      finish pytest_plugin_registered --> [] [hook]
      pytest_plugin_registered [hook]
          manager: <_pytest.config.PytestPluginManager object at 0x102425a10>
          __multicall__: <_MultiCall 0 results, 0 meths, kwargs={'manager': <_pytest.config.PytestPluginManager object at 0x102425a10>, '__multicall__': <_MultiCall 0 results, 0 meths, kwargs={...}>, 'plugin': <module '_pytest.monkeypatch' from '/usr/local/lib/python2.7/site-packages/_pytest/monkeypatch.pyc'>}>
          plugin: <module '_pytest.monkeypatch' from '/usr/local/lib/python2.7/site-packages/_pytest/monkeypatch.pyc'>
      finish pytest_plugin_registered --> [] [hook]
      pytest_plugin_registered [hook]
          manager: <_pytest.config.PytestPluginManager object at 0x102425a10>
          __multicall__: <_MultiCall 0 results, 0 meths, kwargs={'manager': <_pytest.config.PytestPluginManager object at 0x102425a10>, '__multicall__': <_MultiCall 0 results, 0 meths, kwargs={...}>, 'plugin': <module '_pytest.recwarn' from '/usr/local/lib/python2.7/site-packages/_pytest/recwarn.pyc'>}>
          plugin: <module '_pytest.recwarn' from '/usr/local/lib/python2.7/site-packages/_pytest/recwarn.pyc'>
      finish pytest_plugin_registered --> [] [hook]
      pytest_plugin_registered [hook]
          manager: <_pytest.config.PytestPluginManager object at 0x102425a10>
          __multicall__: <_MultiCall 0 results, 0 meths, kwargs={'manager': <_pytest.config.PytestPluginManager object at 0x102425a10>, '__multicall__': <_MultiCall 0 results, 0 meths, kwargs={...}>, 'plugin': <module '_pytest.pastebin' from '/usr/local/lib/python2.7/site-packages/_pytest/pastebin.pyc'>}>
          plugin: <module '_pytest.pastebin' from '/usr/local/lib/python2.7/site-packages/_pytest/pastebin.pyc'>
      finish pytest_plugin_registered --> [] [hook]
      pytest_plugin_registered [hook]
          manager: <_pytest.config.PytestPluginManager object at 0x102425a10>
          __multicall__: <_MultiCall 0 results, 0 meths, kwargs={'manager': <_pytest.config.PytestPluginManager object at 0x102425a10>, '__multicall__': <_MultiCall 0 results, 0 meths, kwargs={...}>, 'plugin': <module '_pytest.helpconfig' from '/usr/local/lib/python2.7/site-packages/_pytest/helpconfig.pyc'>}>
          plugin: <module '_pytest.helpconfig' from '/usr/local/lib/python2.7/site-packages/_pytest/helpconfig.pyc'>
      finish pytest_plugin_registered --> [] [hook]
      pytest_plugin_registered [hook]
          manager: <_pytest.config.PytestPluginManager object at 0x102425a10>
          __multicall__: <_MultiCall 0 results, 0 meths, kwargs={'manager': <_pytest.config.PytestPluginManager object at 0x102425a10>, '__multicall__': <_MultiCall 0 results, 0 meths, kwargs={...}>, 'plugin': <module '_pytest.nose' from '/usr/local/lib/python2.7/site-packages/_pytest/nose.pyc'>}>
          plugin: <module '_pytest.nose' from '/usr/local/lib/python2.7/site-packages/_pytest/nose.pyc'>
      finish pytest_plugin_registered --> [] [hook]
      pytest_plugin_registered [hook]
          manager: <_pytest.config.PytestPluginManager object at 0x102425a10>
          __multicall__: <_MultiCall 0 results, 0 meths, kwargs={'manager': <_pytest.config.PytestPluginManager object at 0x102425a10>, '__multicall__': <_MultiCall 0 results, 0 meths, kwargs={...}>, 'plugin': <module '_pytest.assertion' from '/usr/local/lib/python2.7/site-packages/_pytest/assertion/__init__.pyc'>}>
          plugin: <module '_pytest.assertion' from '/usr/local/lib/python2.7/site-packages/_pytest/assertion/__init__.pyc'>
      finish pytest_plugin_registered --> [] [hook]
      pytest_plugin_registered [hook]
          manager: <_pytest.config.PytestPluginManager object at 0x102425a10>
          __multicall__: <_MultiCall 0 results, 0 meths, kwargs={'manager': <_pytest.config.PytestPluginManager object at 0x102425a10>, '__multicall__': <_MultiCall 0 results, 0 meths, kwargs={...}>, 'plugin': <module '_pytest.genscript' from '/usr/local/lib/python2.7/site-packages/_pytest/genscript.pyc'>}>
          plugin: <module '_pytest.genscript' from '/usr/local/lib/python2.7/site-packages/_pytest/genscript.pyc'>
      finish pytest_plugin_registered --> [] [hook]
      pytest_plugin_registered [hook]
          manager: <_pytest.config.PytestPluginManager object at 0x102425a10>
          __multicall__: <_MultiCall 0 results, 0 meths, kwargs={'manager': <_pytest.config.PytestPluginManager object at 0x102425a10>, '__multicall__': <_MultiCall 0 results, 0 meths, kwargs={...}>, 'plugin': <module '_pytest.junitxml' from '/usr/local/lib/python2.7/site-packages/_pytest/junitxml.pyc'>}>
          plugin: <module '_pytest.junitxml' from '/usr/local/lib/python2.7/site-packages/_pytest/junitxml.pyc'>
      finish pytest_plugin_registered --> [] [hook]
      pytest_plugin_registered [hook]
          manager: <_pytest.config.PytestPluginManager object at 0x102425a10>
          __multicall__: <_MultiCall 0 results, 0 meths, kwargs={'manager': <_pytest.config.PytestPluginManager object at 0x102425a10>, '__multicall__': <_MultiCall 0 results, 0 meths, kwargs={...}>, 'plugin': <module '_pytest.resultlog' from '/usr/local/lib/python2.7/site-packages/_pytest/resultlog.pyc'>}>
          plugin: <module '_pytest.resultlog' from '/usr/local/lib/python2.7/site-packages/_pytest/resultlog.pyc'>
      finish pytest_plugin_registered --> [] [hook]
      pytest_plugin_registered [hook]
          manager: <_pytest.config.PytestPluginManager object at 0x102425a10>
          __multicall__: <_MultiCall 0 results, 0 meths, kwargs={'manager': <_pytest.config.PytestPluginManager object at 0x102425a10>, '__multicall__': <_MultiCall 0 results, 0 meths, kwargs={...}>, 'plugin': <module '_pytest.doctest' from '/usr/local/lib/python2.7/site-packages/_pytest/doctest.pyc'>}>
          plugin: <module '_pytest.doctest' from '/usr/local/lib/python2.7/site-packages/_pytest/doctest.pyc'>
      finish pytest_plugin_registered --> [] [hook]
      pytest_plugin_registered [hook]
          manager: <_pytest.config.PytestPluginManager object at 0x102425a10>
          __multicall__: <_MultiCall 0 results, 0 meths, kwargs={'manager': <_pytest.config.PytestPluginManager object at 0x102425a10>, '__multicall__': <_MultiCall 0 results, 0 meths, kwargs={...}>, 'plugin': <module '_pytest.cacheprovider' from '/usr/local/lib/python2.7/site-packages/_pytest/cacheprovider.pyc'>}>
          plugin: <module '_pytest.cacheprovider' from '/usr/local/lib/python2.7/site-packages/_pytest/cacheprovider.pyc'>
      finish pytest_plugin_registered --> [] [hook]
      pytest_plugin_registered [hook]
          manager: <_pytest.config.PytestPluginManager object at 0x102425a10>
          __multicall__: <_MultiCall 0 results, 0 meths, kwargs={'manager': <_pytest.config.PytestPluginManager object at 0x102425a10>, '__multicall__': <_MultiCall 0 results, 0 meths, kwargs={...}>, 'plugin': <_pytest.capture.CaptureManager instance at 0x102d6b200>}>
          plugin: <_pytest.capture.CaptureManager instance at 0x102d6b200>
      finish pytest_plugin_registered --> [] [hook]
      pytest_plugin_registered [hook]
          manager: <_pytest.config.PytestPluginManager object at 0x102425a10>
          __multicall__: <_MultiCall 0 results, 0 meths, kwargs={'manager': <_pytest.config.PytestPluginManager object at 0x102425a10>, '__multicall__': <_MultiCall 0 results, 0 meths, kwargs={...}>, 'plugin': <Session 'python'>}>
          plugin: <Session 'python'>
      finish pytest_plugin_registered --> [] [hook]
      pytest_plugin_registered [hook]
          manager: <_pytest.config.PytestPluginManager object at 0x102425a10>
          __multicall__: <_MultiCall 0 results, 0 meths, kwargs={'manager': <_pytest.config.PytestPluginManager object at 0x102425a10>, '__multicall__': <_MultiCall 0 results, 0 meths, kwargs={...}>, 'plugin': <_pytest.cacheprovider.LFPlugin instance at 0x102d66e18>}>
          plugin: <_pytest.cacheprovider.LFPlugin instance at 0x102d66e18>
      finish pytest_plugin_registered --> [] [hook]
      pytest_plugin_registered [hook]
          manager: <_pytest.config.PytestPluginManager object at 0x102425a10>
          __multicall__: <_MultiCall 0 results, 0 meths, kwargs={'manager': <_pytest.config.PytestPluginManager object at 0x102425a10>, '__multicall__': <_MultiCall 0 results, 0 meths, kwargs={...}>, 'plugin': <_pytest.terminal.TerminalReporter instance at 0x102da1248>}>
          plugin: <_pytest.terminal.TerminalReporter instance at 0x102da1248>
      finish pytest_plugin_registered --> [] [hook]
      pytest_plugin_registered [hook]
          manager: <_pytest.config.PytestPluginManager object at 0x102425a10>
          plugin: <_pytest.python.FixtureManager instance at 0x102d9f830>
      finish pytest_plugin_registered --> [] [hook]
      pytest_report_header [hook]
          startdir: /Users/danilkhatsanovsky/sample-code/sample-code/examples/python
          config: <_pytest.config.Config object at 0x10243c2d0>
      finish pytest_report_header --> [['rootdir: /Users/danilkhatsanovsky/sample-code/sample-code/examples/python, inifile: '], ['using: pytest-2.9.1 pylib-1.4.31']] [hook]
    finish pytest_sessionstart --> [] [hook]
    pytest_collection [hook]
        session: <Session 'python'>
    perform_collect <Session 'python'> ['ios_complex.py'] [collection]
        pytest_collectstart [hook]
            collector: <Session 'python'>
        finish pytest_collectstart --> [] [hook]
        pytest_make_collect_report [hook]
            collector: <Session 'python'>
        processing argument /Users/danilkhatsanovsky/sample-code/sample-code/examples/python/ios_complex.py [collection]
            pytest_collect_file [hook]
                path: /Users/danilkhatsanovsky/sample-code/sample-code/examples/python/ios_complex.py
                parent: <Session 'python'>
              pytest_pycollect_makemodule [hook]
                  path: /Users/danilkhatsanovsky/sample-code/sample-code/examples/python/ios_complex.py
                  parent: <Session 'python'>
              finish pytest_pycollect_makemodule --> <Module 'ios_complex.py'> [hook]
            finish pytest_collect_file --> [<Module 'ios_complex.py'>] [hook]
          matchnodes [<Module 'ios_complex.py'>] [] [collection]
            matchnodes finished ->  1 nodes [collection]
        finish pytest_make_collect_report --> <CollectReport '' lenresult=1 outcome='passed'> [hook]
        pytest_collectreport [hook]
            report: <CollectReport '' lenresult=1 outcome='passed'>
        finish pytest_collectreport --> [] [hook]
    genitems <Module 'ios_complex.py'> [collection]
      pytest_collectstart [hook]
          collector: <Module 'ios_complex.py'>
      finish pytest_collectstart --> [] [hook]
      pytest_make_collect_report [hook]
          collector: <Module 'ios_complex.py'>
      find_module called for: ios_complex [assertion]
      matched test file (was specified on cmdline): '/Users/danilkhatsanovsky/sample-code/sample-code/examples/python/ios_complex.py' [assertion]
      _read_pyc(/Users/danilkhatsanovsky/sample-code/sample-code/examples/python/ios_complex.py): invalid or out of date pyc [assertion]
      rewriting '/Users/danilkhatsanovsky/sample-code/sample-code/examples/python/ios_complex.py' [assertion]
      find_module called for: unittest [assertion]
      find_module called for: unittest.result [assertion]
      find_module called for: unittest.os [assertion]
      find_module called for: unittest.sys [assertion]
      find_module called for: unittest.traceback [assertion]
      find_module called for: unittest.StringIO [assertion]
      find_module called for: unittest.util [assertion]
      find_module called for: unittest.collections [assertion]
      find_module called for: unittest.functools [assertion]
      find_module called for: unittest.case [assertion]
      find_module called for: unittest.difflib [assertion]
      find_module called for: difflib [assertion]
      find_module called for: unittest.pprint [assertion]
      find_module called for: unittest.re [assertion]
      find_module called for: unittest.types [assertion]
      find_module called for: unittest.warnings [assertion]
      find_module called for: unittest.suite [assertion]
      find_module called for: unittest.loader [assertion]
      find_module called for: unittest.fnmatch [assertion]
      find_module called for: unittest.main [assertion]
      find_module called for: unittest.runner [assertion]
      find_module called for: unittest.time [assertion]
      find_module called for: unittest.signals [assertion]
      find_module called for: unittest.signal [assertion]
      find_module called for: unittest.weakref [assertion]
      find_module called for: appium [assertion]
      find_module called for: appium.saucetestcase [assertion]
      find_module called for: appium.unittest [assertion]
      find_module called for: appium.os [assertion]
      find_module called for: appium.sys [assertion]
      find_module called for: appium.appium [assertion]
      find_module called for: appium.webdriver [assertion]
      find_module called for: appium.webdriver.webdriver [assertion]
      find_module called for: appium.webdriver.selenium [assertion]
      find_module called for: selenium [assertion]
      find_module called for: selenium.selenium [assertion]
      find_module called for: selenium.__future__ [assertion]
      find_module called for: selenium.http [assertion]
      find_module called for: http [assertion]
      find_module called for: selenium.httplib [assertion]
      find_module called for: httplib [assertion]
      find_module called for: mimetools [assertion]
      find_module called for: rfc822 [assertion]
      find_module called for: selenium.urllib [assertion]
      find_module called for: selenium.webdriver [assertion]
      find_module called for: selenium.webdriver.firefox [assertion]
      find_module called for: selenium.webdriver.firefox.webdriver [assertion]
      find_module called for: selenium.webdriver.firefox.http [assertion]
      find_module called for: http [assertion]
      find_module called for: selenium.webdriver.firefox.httplib [assertion]
      find_module called for: selenium.webdriver.firefox.shutil [assertion]
      find_module called for: selenium.webdriver.firefox.socket [assertion]
      find_module called for: selenium.webdriver.firefox.sys [assertion]
      find_module called for: selenium.webdriver.firefox.firefox_binary [assertion]
      find_module called for: selenium.webdriver.firefox.os [assertion]
      find_module called for: selenium.webdriver.firefox.platform [assertion]
      find_module called for: selenium.webdriver.firefox.subprocess [assertion]
      find_module called for: subprocess [assertion]
      find_module called for: gc [assertion]
      find_module called for: select [assertion]
      find_module called for: pickle [assertion]
      find_module called for: org [assertion]
      find_module called for: selenium.webdriver.firefox.selenium [assertion]
      find_module called for: selenium.common [assertion]
      find_module called for: selenium.common.exceptions [assertion]
      find_module called for: selenium.webdriver.common [assertion]
      find_module called for: selenium.webdriver.common.utils [assertion]
      find_module called for: selenium.webdriver.common.socket [assertion]
      find_module called for: selenium.webdriver.common.selenium [assertion]
      find_module called for: selenium.webdriver.common.keys [assertion]
      find_module called for: selenium.webdriver.common.__future__ [assertion]
      find_module called for: selenium.webdriver.firefox.time [assertion]
      find_module called for: selenium.webdriver.firefox.remote_connection [assertion]
      find_module called for: selenium.webdriver.remote [assertion]
      find_module called for: selenium.webdriver.remote.remote_connection [assertion]
      find_module called for: selenium.webdriver.remote.logging [assertion]
      find_module called for: logging [assertion]
      find_module called for: logging.sys [assertion]
      find_module called for: logging.os [assertion]
      find_module called for: logging.time [assertion]
      find_module called for: logging.cStringIO [assertion]
      find_module called for: logging.traceback [assertion]
      find_module called for: logging.warnings [assertion]
      find_module called for: logging.weakref [assertion]
      find_module called for: logging.collections [assertion]
      find_module called for: logging.codecs [assertion]
      find_module called for: logging.thread [assertion]
      find_module called for: logging.threading [assertion]
      find_module called for: threading [assertion]
      find_module called for: logging.atexit [assertion]
      find_module called for: selenium.webdriver.remote.socket [assertion]
      find_module called for: selenium.webdriver.remote.string [assertion]
      find_module called for: selenium.webdriver.remote.base64 [assertion]
      find_module called for: selenium.webdriver.remote.http [assertion]
      find_module called for: http [assertion]
      find_module called for: selenium.webdriver.remote.httplib [assertion]
      find_module called for: selenium.webdriver.remote.urllib2 [assertion]
      find_module called for: urllib2 [assertion]
      find_module called for: selenium.webdriver.remote.urlparse [assertion]
      find_module called for: selenium.webdriver.remote.command [assertion]
      find_module called for: selenium.webdriver.remote.errorhandler [assertion]
      find_module called for: selenium.webdriver.remote.selenium [assertion]
      find_module called for: selenium.webdriver.remote.utils [assertion]
      find_module called for: selenium.webdriver.remote.json [assertion]
      find_module called for: selenium.webdriver.remote.os [assertion]
      find_module called for: selenium.webdriver.remote.tempfile [assertion]
      find_module called for: selenium.webdriver.remote.zipfile [assertion]
      find_module called for: selenium.webdriver.common.desired_capabilities [assertion]
      find_module called for: selenium.webdriver.firefox.extension_connection [assertion]
      find_module called for: selenium.webdriver.firefox.logging [assertion]
      find_module called for: selenium.webdriver.firefox.firefox_profile [assertion]
      find_module called for: selenium.webdriver.firefox.__future__ [assertion]
      find_module called for: selenium.webdriver.firefox.base64 [assertion]
      find_module called for: selenium.webdriver.firefox.copy [assertion]
      find_module called for: selenium.webdriver.firefox.json [assertion]
      find_module called for: selenium.webdriver.firefox.re [assertion]
      find_module called for: selenium.webdriver.firefox.tempfile [assertion]
      find_module called for: selenium.webdriver.firefox.zipfile [assertion]
      find_module called for: selenium.webdriver.firefox.cStringIO [assertion]
      find_module called for: selenium.webdriver.firefox.xml [assertion]
      find_module called for: xml.dom [assertion]
      find_module called for: xml.dom.domreg [assertion]
      find_module called for: xml.dom.xml [assertion]
      find_module called for: xml.dom.minicompat [assertion]
      find_module called for: xml.dom.minidom [assertion]
      find_module called for: xml.dom.xmlbuilder [assertion]
      find_module called for: xml.dom.copy [assertion]
      find_module called for: xml.dom.NodeFilter [assertion]
      find_module called for: selenium.webdriver.common.proxy [assertion]
      find_module called for: selenium.webdriver.remote.webdriver [assertion]
      find_module called for: selenium.webdriver.remote.warnings [assertion]
      find_module called for: selenium.webdriver.remote.contextlib [assertion]
      find_module called for: selenium.webdriver.remote.webelement [assertion]
      find_module called for: selenium.webdriver.remote.hashlib [assertion]
      find_module called for: selenium.webdriver.remote.StringIO [assertion]
      find_module called for: selenium.webdriver.common.by [assertion]
      find_module called for: selenium.webdriver.remote.switch_to [assertion]
      find_module called for: selenium.webdriver.common.alert [assertion]
      find_module called for: selenium.webdriver.remote.mobile [assertion]
      find_module called for: selenium.webdriver.remote.file_detector [assertion]
      find_module called for: selenium.webdriver.remote.abc [assertion]
      find_module called for: selenium.webdriver.common.html5 [assertion]
      find_module called for: selenium.webdriver.common.html5.application_cache [assertion]
      find_module called for: selenium.webdriver.common.html5.selenium [assertion]
      find_module called for: selenium.webdriver.firefox.service [assertion]
      find_module called for: selenium.webdriver.common.service [assertion]
      find_module called for: selenium.webdriver.common.errno [assertion]
      find_module called for: selenium.webdriver.common.os [assertion]
      find_module called for: selenium.webdriver.common.platform [assertion]
      find_module called for: selenium.webdriver.common.subprocess [assertion]
      find_module called for: selenium.webdriver.common.time [assertion]
      find_module called for: selenium.webdriver.firefox.options [assertion]
      find_module called for: selenium.webdriver.chrome [assertion]
      find_module called for: selenium.webdriver.chrome.webdriver [assertion]
      find_module called for: selenium.webdriver.chrome.base64 [assertion]
      find_module called for: selenium.webdriver.chrome.selenium [assertion]
      find_module called for: selenium.webdriver.chrome.remote_connection [assertion]
      find_module called for: selenium.webdriver.chrome.service [assertion]
      find_module called for: selenium.webdriver.chrome.options [assertion]
      find_module called for: selenium.webdriver.chrome.os [assertion]
      find_module called for: selenium.webdriver.ie [assertion]
      find_module called for: selenium.webdriver.ie.webdriver [assertion]
      find_module called for: selenium.webdriver.ie.selenium [assertion]
      find_module called for: selenium.webdriver.ie.base64 [assertion]
      find_module called for: selenium.webdriver.ie.service [assertion]
      find_module called for: selenium.webdriver.edge [assertion]
      find_module called for: selenium.webdriver.edge.webdriver [assertion]
      find_module called for: selenium.webdriver.edge.selenium [assertion]
      find_module called for: selenium.webdriver.edge.service [assertion]
      find_module called for: selenium.webdriver.edge.subprocess [assertion]
      find_module called for: selenium.webdriver.opera [assertion]
      find_module called for: selenium.webdriver.opera.webdriver [assertion]
      find_module called for: selenium.webdriver.opera.http [assertion]
      find_module called for: http [assertion]
      find_module called for: selenium.webdriver.opera.httplib [assertion]
      find_module called for: selenium.webdriver.opera.os [assertion]
      find_module called for: selenium.webdriver.opera.selenium [assertion]
      find_module called for: selenium.webdriver.opera.options [assertion]
      find_module called for: selenium.webdriver.safari [assertion]
      find_module called for: selenium.webdriver.safari.webdriver [assertion]
      find_module called for: selenium.webdriver.safari.base64 [assertion]
      find_module called for: selenium.webdriver.safari.http [assertion]
      find_module called for: http [assertion]
      find_module called for: selenium.webdriver.safari.httplib [assertion]
      find_module called for: selenium.webdriver.safari.os [assertion]
      find_module called for: selenium.webdriver.safari.selenium [assertion]
      find_module called for: selenium.webdriver.safari.service [assertion]
      find_module called for: selenium.webdriver.safari.subprocess [assertion]
      find_module called for: selenium.webdriver.safari.time [assertion]
      find_module called for: selenium.webdriver.blackberry [assertion]
      find_module called for: selenium.webdriver.blackberry.webdriver [assertion]
      find_module called for: selenium.webdriver.blackberry.os [assertion]
      find_module called for: selenium.webdriver.blackberry.platform [assertion]
      find_module called for: selenium.webdriver.blackberry.time [assertion]
      find_module called for: selenium.webdriver.blackberry.subprocess [assertion]
      find_module called for: selenium.webdriver.blackberry.selenium [assertion]
      find_module called for: selenium.webdriver.support [assertion]
      find_module called for: selenium.webdriver.support.ui [assertion]
      find_module called for: selenium.webdriver.support.select [assertion]
      find_module called for: selenium.webdriver.support.selenium [assertion]
      find_module called for: selenium.webdriver.support.wait [assertion]
      find_module called for: selenium.webdriver.support.time [assertion]
      find_module called for: selenium.webdriver.phantomjs [assertion]
      find_module called for: selenium.webdriver.phantomjs.webdriver [assertion]
      find_module called for: selenium.webdriver.phantomjs.base64 [assertion]
      find_module called for: selenium.webdriver.phantomjs.selenium [assertion]
      find_module called for: selenium.webdriver.phantomjs.service [assertion]
      find_module called for: selenium.webdriver.phantomjs.os [assertion]
      find_module called for: selenium.webdriver.phantomjs.tempfile [assertion]
      find_module called for: selenium.webdriver.android [assertion]
      find_module called for: selenium.webdriver.android.webdriver [assertion]
      find_module called for: selenium.webdriver.android.base64 [assertion]
      find_module called for: selenium.webdriver.android.selenium [assertion]
      find_module called for: selenium.webdriver.common.action_chains [assertion]
      find_module called for: selenium.webdriver.common.touch_actions [assertion]
      find_module called for: appium.webdriver.mobilecommand [assertion]
      find_module called for: appium.webdriver.errorhandler [assertion]
      find_module called for: appium.webdriver.appium [assertion]
      find_module called for: appium.common [assertion]
      find_module called for: appium.common.exceptions [assertion]
      find_module called for: appium.common.selenium [assertion]
      find_module called for: appium.webdriver.switch_to [assertion]
      find_module called for: appium.webdriver.webelement [assertion]
      find_module called for: appium.webdriver.common [assertion]
      find_module called for: appium.webdriver.common.mobileby [assertion]
      find_module called for: appium.webdriver.common.selenium [assertion]
      find_module called for: appium.webdriver.common.touch_action [assertion]
      find_module called for: appium.webdriver.common.copy [assertion]
      find_module called for: appium.webdriver.common.appium [assertion]
      find_module called for: appium.webdriver.common.multi_action [assertion]
      find_module called for: appium.sauceclient [assertion]
      find_module called for: sauceclient [assertion]
      find_module called for: encodings.idna [assertion]
      find_module called for: encodings.stringprep [assertion]
      find_module called for: stringprep [assertion]
      find_module called for: unicodedata [assertion]
      find_module called for: encodings.re [assertion]
      find_module called for: encodings.unicodedata [assertion]
        pytest_pycollect_makeitem [hook]
            obj: <class 'ios_complex.ComplexIOSTests'>
            collector: <Module 'ios_complex.py'>
            name: ComplexIOSTests
        finish pytest_pycollect_makeitem --> <UnitTestCase 'ComplexIOSTests'> [hook]
        pytest_pycollect_makeitem [hook]
            obj: <module 'appium.webdriver' from '/usr/local/lib/python2.7/site-packages/appium/webdriver/__init__.pyc'>
            collector: <Module 'ios_complex.py'>
            name: webdriver
        finish pytest_pycollect_makeitem --> None [hook]
        pytest_pycollect_makeitem [hook]
            obj: <module '_pytest.assertion.rewrite' from '/usr/local/lib/python2.7/site-packages/_pytest/assertion/rewrite.pyc'>
            collector: <Module 'ios_complex.py'>
            name: @pytest_ar
        finish pytest_pycollect_makeitem --> None [hook]
        pytest_pycollect_makeitem [hook]
            obj: <class 'appium.webdriver.common.touch_action.TouchAction'>
            collector: <Module 'ios_complex.py'>
            name: TouchAction
        finish pytest_pycollect_makeitem --> None [hook]
        pytest_pycollect_makeitem [hook]
            obj: <module 'string' from '/usr/local/Cellar/python/2.7.11/Frameworks/Python.framework/Versions/2.7/lib/python2.7/string.pyc'>
            collector: <Module 'ios_complex.py'>
            name: string
        finish pytest_pycollect_makeitem --> None [hook]
        pytest_pycollect_makeitem [hook]
            obj: {'bytearray': <type 'bytearray'>, 'IndexError': <type 'exceptions.IndexError'>, 'all': <built-in function all>, 'help': Type help() for interactive help, or help(object) for help about object., 'vars': <built-in function vars>, 'SyntaxError': <type 'exceptions.SyntaxError'>, 'unicode': <type 'unicode'>, 'UnicodeDecodeError': <type 'exceptions.UnicodeDecodeError'>, 'memoryview': <type 'memoryview'>, 'isinstance': <built-in function isinstance>, 'copyright': Copyright (c) 2001-2015 Python Software Foundation.
All Rights Reserved.

Copyright (c) 2000 BeOpen.com.
All Rights Reserved.

Copyright (c) 1995-2001 Corporation for National Research Initiatives.
All Rights Reserved.

Copyright (c) 1991-1995 Stichting Mathematisch Centrum, Amsterdam.
All Rights Reserved., 'NameError': <type 'exceptions.NameError'>, 'BytesWarning': <type 'exceptions.BytesWarning'>, 'dict': <type 'dict'>, 'input': <built-in function input>, 'oct': <built-in function oct>, 'bin': <built-in function bin>, 'SystemExit': <type 'exceptions.SystemExit'>, 'StandardError': <type 'exceptions.StandardError'>, 'format': <built-in function format>, 'repr': <built-in function repr>, 'sorted': <built-in function sorted>, 'False': False, 'RuntimeWarning': <type 'exceptions.RuntimeWarning'>, 'list': <type 'list'>, 'iter': <built-in function iter>, 'reload': <built-in function reload>, 'Warning': <type 'exceptions.Warning'>, '__package__': None, 'round': <built-in function round>, 'dir': <built-in function dir>, 'cmp': <built-in function cmp>, 'set': <type 'set'>, 'bytes': <type 'str'>, 'reduce': <built-in function reduce>, 'intern': <built-in function intern>, 'issubclass': <built-in function issubclass>, 'Ellipsis': Ellipsis, 'EOFError': <type 'exceptions.EOFError'>, 'locals': <built-in function locals>, 'BufferError': <type 'exceptions.BufferError'>, 'slice': <type 'slice'>, 'FloatingPointError': <type 'exceptions.FloatingPointError'>, 'sum': <built-in function sum>, 'getattr': <built-in function getattr>, 'abs': <built-in function abs>, 'exit': Use exit() or Ctrl-D (i.e. EOF) to exit, 'print': <built-in function print>, 'True': True, 'FutureWarning': <type 'exceptions.FutureWarning'>, 'ImportWarning': <type 'exceptions.ImportWarning'>, 'None': None, 'hash': <built-in function hash>, 'ReferenceError': <type 'exceptions.ReferenceError'>, 'len': <built-in function len>, 'credits':     Thanks to CWI, CNRI, BeOpen.com, Zope Corporation and a cast of thousands
    for supporting Python development.  See www.python.org for more information., 'frozenset': <type 'frozenset'>, '__name__': '__builtin__', 'ord': <built-in function ord>, 'super': <type 'super'>, 'TypeError': <type 'exceptions.TypeError'>, 'license': Type license() to see the full license text, 'KeyboardInterrupt': <type 'exceptions.KeyboardInterrupt'>, 'UserWarning': <type 'exceptions.UserWarning'>, 'filter': <built-in function filter>, 'range': <built-in function range>, 'staticmethod': <type 'staticmethod'>, 'SystemError': <type 'exceptions.SystemError'>, 'BaseException': <type 'exceptions.BaseException'>, 'pow': <built-in function pow>, 'RuntimeError': <type 'exceptions.RuntimeError'>, 'float': <type 'float'>, 'MemoryError': <type 'exceptions.MemoryError'>, 'StopIteration': <type 'exceptions.StopIteration'>, 'globals': <built-in function globals>, 'divmod': <built-in function divmod>, 'enumerate': <type 'enumerate'>, 'apply': <built-in function apply>, 'LookupError': <type 'exceptions.LookupError'>, 'open': <built-in function open>, 'quit': Use quit() or Ctrl-D (i.e. EOF) to exit, 'basestring': <type 'basestring'>, 'UnicodeError': <type 'exceptions.UnicodeError'>, 'zip': <built-in function zip>, 'hex': <built-in function hex>, 'long': <type 'long'>, 'next': <built-in function next>, 'ImportError': <type 'exceptions.ImportError'>, 'chr': <built-in function chr>, 'xrange': <type 'xrange'>, 'type': <type 'type'>, '__doc__': "Built-in functions, exceptions, and other objects.\n\nNoteworthy: None is the `nil' object; Ellipsis represents `...' in slices.", 'Exception': <type 'exceptions.Exception'>, 'tuple': <type 'tuple'>, 'UnicodeTranslateError': <type 'exceptions.UnicodeTranslateError'>, 'reversed': <type 'reversed'>, 'UnicodeEncodeError': <type 'exceptions.UnicodeEncodeError'>, 'IOError': <type 'exceptions.IOError'>, 'hasattr': <built-in function hasattr>, 'delattr': <built-in function delattr>, 'setattr': <built-in function setattr>, 'raw_input': <built-in function raw_input>, 'SyntaxWarning': <type 'exceptions.SyntaxWarning'>, 'compile': <built-in function compile>, 'ArithmeticError': <type 'exceptions.ArithmeticError'>, 'str': <type 'str'>, 'property': <type 'property'>, 'GeneratorExit': <type 'exceptions.GeneratorExit'>, 'int': <type 'int'>, '__import__': <built-in function __import__>, 'KeyError': <type 'exceptions.KeyError'>, 'coerce': <built-in function coerce>, 'PendingDeprecationWarning': <type 'exceptions.PendingDeprecationWarning'>, 'file': <type 'file'>, 'EnvironmentError': <type 'exceptions.EnvironmentError'>, 'unichr': <built-in function unichr>, 'id': <built-in function id>, 'OSError': <type 'exceptions.OSError'>, 'DeprecationWarning': <type 'exceptions.DeprecationWarning'>, 'min': <built-in function min>, 'UnicodeWarning': <type 'exceptions.UnicodeWarning'>, 'execfile': <built-in function execfile>, 'any': <built-in function any>, 'complex': <type 'complex'>, 'bool': <type 'bool'>, 'ValueError': <type 'exceptions.ValueError'>, 'NotImplemented': NotImplemented, 'map': <built-in function map>, 'buffer': <type 'buffer'>, 'max': <built-in function max>, 'object': <type 'object'>, 'TabError': <type 'exceptions.TabError'>, 'callable': <built-in function callable>, 'ZeroDivisionError': <type 'exceptions.ZeroDivisionError'>, 'eval': <built-in function eval>, '__debug__': True, 'IndentationError': <type 'exceptions.IndentationError'>, 'AssertionError': <class '_pytest.assertion.reinterpret.AssertionError'>, 'classmethod': <type 'classmethod'>, 'UnboundLocalError': <type 'exceptions.UnboundLocalError'>, 'NotImplementedError': <type 'exceptions.NotImplementedError'>, 'AttributeError': <type 'exceptions.AttributeError'>, 'OverflowError': <type 'exceptions.OverflowError'>}
            collector: <Module 'ios_complex.py'>
            name: __builtins__
        finish pytest_pycollect_makeitem --> None [hook]
        pytest_pycollect_makeitem [hook]
            obj: <module 'os' from '/usr/local/Cellar/python/2.7.11/Frameworks/Python.framework/Versions/2.7/lib/python2.7/os.pyc'>
            collector: <Module 'ios_complex.py'>
            name: os
        finish pytest_pycollect_makeitem --> None [hook]
        pytest_pycollect_makeitem [hook]
            obj: /Users/danilkhatsanovsky/sample-code/sample-code/examples/python/ios_complex.py
            collector: <Module 'ios_complex.py'>
            name: __file__
        finish pytest_pycollect_makeitem --> None [hook]
        pytest_pycollect_makeitem [hook]
            obj: <module 'random' from '/usr/local/Cellar/python/2.7.11/Frameworks/Python.framework/Versions/2.7/lib/python2.7/random.pyc'>
            collector: <Module 'ios_complex.py'>
            name: random
        finish pytest_pycollect_makeitem --> None [hook]
        pytest_pycollect_makeitem [hook]
            obj: <module 'urllib2' from '/usr/local/Cellar/python/2.7.11/Frameworks/Python.framework/Versions/2.7/lib/python2.7/urllib2.pyc'>
            collector: <Module 'ios_complex.py'>
            name: urllib2
        finish pytest_pycollect_makeitem --> None [hook]
        pytest_pycollect_makeitem [hook]
            obj: <_pytest.assertion.rewrite.AssertionRewritingHook object at 0x102df7710>
            collector: <Module 'ios_complex.py'>
            name: __loader__
        finish pytest_pycollect_makeitem --> None [hook]
        pytest_pycollect_makeitem [hook]
            obj: <class 'selenium.webdriver.common.touch_actions.TouchActions'>
            collector: <Module 'ios_complex.py'>
            name: TouchActions
        finish pytest_pycollect_makeitem --> None [hook]
        pytest_pycollect_makeitem [hook]
            obj: <built-in function sleep>
            collector: <Module 'ios_complex.py'>
            name: sleep
        finish pytest_pycollect_makeitem --> None [hook]
        pytest_pycollect_makeitem [hook]
            obj: <unittest.suite.TestSuite tests=[<ios_complex.ComplexIOSTests testMethod=test_click_element>]>
            collector: <Module 'ios_complex.py'>
            name: suite
        finish pytest_pycollect_makeitem --> None [hook]
        pytest_pycollect_makeitem [hook]
            obj: /Users/danilkhatsanovsky/sample-code/sample-code/examples/python/__pycache__/ios_complex.cpython-27-PYTEST.pyc
            collector: <Module 'ios_complex.py'>
            name: __cached__
        finish pytest_pycollect_makeitem --> None [hook]
        pytest_pycollect_makeitem [hook]
            obj: ios_complex
            collector: <Module 'ios_complex.py'>
            name: __name__
        finish pytest_pycollect_makeitem --> None [hook]
        pytest_pycollect_makeitem [hook]
            obj: <module 'unittest' from '/usr/local/Cellar/python/2.7.11/Frameworks/Python.framework/Versions/2.7/lib/python2.7/unittest/__init__.pyc'>
            collector: <Module 'ios_complex.py'>
            name: unittest
        finish pytest_pycollect_makeitem --> None [hook]
        pytest_pycollect_makeitem [hook]
            obj: None
            collector: <Module 'ios_complex.py'>
            name: __package__
        finish pytest_pycollect_makeitem --> None [hook]
        pytest_pycollect_makeitem [hook]
            obj: <module '__builtin__' (built-in)>
            collector: <Module 'ios_complex.py'>
            name: @py_builtins
        finish pytest_pycollect_makeitem --> None [hook]
        pytest_pycollect_makeitem [hook]
            obj: 
More involved iOS tests, using UICatalog application.

            collector: <Module 'ios_complex.py'>
            name: __doc__
        finish pytest_pycollect_makeitem --> None [hook]
        pytest_pycollect_makeitem [hook]
            obj: <module 'json' from '/usr/local/Cellar/python/2.7.11/Frameworks/Python.framework/Versions/2.7/lib/python2.7/json/__init__.pyc'>
            collector: <Module 'ios_complex.py'>
            name: json
        finish pytest_pycollect_makeitem --> None [hook]
        pytest_pycollect_makeitem [hook]
            obj: <slot wrapper '__setattr__' of 'module' objects>
            collector: <Module 'ios_complex.py'>
            name: __setattr__
        finish pytest_pycollect_makeitem --> None [hook]
        pytest_pycollect_makeitem [hook]
            obj: <built-in method __new__ of type object at 0x102022bc0>
            collector: <Module 'ios_complex.py'>
            name: __new__
        finish pytest_pycollect_makeitem --> None [hook]
        pytest_pycollect_makeitem [hook]
            obj: <slot wrapper '__getattribute__' of 'module' objects>
            collector: <Module 'ios_complex.py'>
            name: __getattribute__
        finish pytest_pycollect_makeitem --> None [hook]
        pytest_pycollect_makeitem [hook]
            obj: <slot wrapper '__delattr__' of 'module' objects>
            collector: <Module 'ios_complex.py'>
            name: __delattr__
        finish pytest_pycollect_makeitem --> None [hook]
        pytest_pycollect_makeitem [hook]
            obj: <slot wrapper '__repr__' of 'module' objects>
            collector: <Module 'ios_complex.py'>
            name: __repr__
        finish pytest_pycollect_makeitem --> None [hook]
        pytest_pycollect_makeitem [hook]
            obj: <member '__dict__' of 'module' objects>
            collector: <Module 'ios_complex.py'>
            name: __dict__
        finish pytest_pycollect_makeitem --> None [hook]
        pytest_pycollect_makeitem [hook]
            obj: <slot wrapper '__init__' of 'module' objects>
            collector: <Module 'ios_complex.py'>
            name: __init__
        finish pytest_pycollect_makeitem --> None [hook]
        pytest_pycollect_makeitem [hook]
            obj: <method '__reduce_ex__' of 'object' objects>
            collector: <Module 'ios_complex.py'>
            name: __reduce_ex__
        finish pytest_pycollect_makeitem --> None [hook]
        pytest_pycollect_makeitem [hook]
            obj: <method '__reduce__' of 'object' objects>
            collector: <Module 'ios_complex.py'>
            name: __reduce__
        finish pytest_pycollect_makeitem --> None [hook]
        pytest_pycollect_makeitem [hook]
            obj: <slot wrapper '__str__' of 'object' objects>
            collector: <Module 'ios_complex.py'>
            name: __str__
        finish pytest_pycollect_makeitem --> None [hook]
        pytest_pycollect_makeitem [hook]
            obj: <method '__format__' of 'object' objects>
            collector: <Module 'ios_complex.py'>
            name: __format__
        finish pytest_pycollect_makeitem --> None [hook]
        pytest_pycollect_makeitem [hook]
            obj: <attribute '__class__' of 'object' objects>
            collector: <Module 'ios_complex.py'>
            name: __class__
        finish pytest_pycollect_makeitem --> None [hook]
        pytest_pycollect_makeitem [hook]
            obj: <method '__subclasshook__' of 'object' objects>
            collector: <Module 'ios_complex.py'>
            name: __subclasshook__
        finish pytest_pycollect_makeitem --> None [hook]
        pytest_pycollect_makeitem [hook]
            obj: <slot wrapper '__hash__' of 'object' objects>
            collector: <Module 'ios_complex.py'>
            name: __hash__
        finish pytest_pycollect_makeitem --> None [hook]
        pytest_pycollect_makeitem [hook]
            obj: <method '__sizeof__' of 'object' objects>
            collector: <Module 'ios_complex.py'>
            name: __sizeof__
        finish pytest_pycollect_makeitem --> None [hook]
      finish pytest_make_collect_report --> <CollectReport 'ios_complex.py' lenresult=1 outcome='passed'> [hook]
    genitems <UnitTestCase 'ComplexIOSTests'> [collection]
      pytest_collectstart [hook]
          collector: <UnitTestCase 'ComplexIOSTests'>
      finish pytest_collectstart --> [] [hook]
      pytest_make_collect_report [hook]
          collector: <UnitTestCase 'ComplexIOSTests'>
      finish pytest_make_collect_report --> <CollectReport 'ios_complex.py::ComplexIOSTests' lenresult=1 outcome='passed'> [hook]
    genitems <TestCaseFunction 'test_click_element'> [collection]
      pytest_itemcollected [hook]
          item: <TestCaseFunction 'test_click_element'>
      finish pytest_itemcollected --> [] [hook]
      pytest_collectreport [hook]
          report: <CollectReport 'ios_complex.py::ComplexIOSTests' lenresult=1 outcome='passed'>
      finish pytest_collectreport --> [] [hook]
      pytest_collectreport [hook]
          report: <CollectReport 'ios_complex.py' lenresult=1 outcome='passed'>
      finish pytest_collectreport --> [] [hook]
      pytest_collection_modifyitems [hook]
          items: [<TestCaseFunction 'test_click_element'>]
          session: <Session 'python'>
          config: <_pytest.config.Config object at 0x10243c2d0>
      finish pytest_collection_modifyitems --> [] [hook]
      pytest_collection_finish [hook]
          session: <Session 'python'>
      finish pytest_collection_finish --> [] [hook]
    finish pytest_collection --> [<TestCaseFunction 'test_click_element'>] [hook]
    pytest_runtestloop [hook]
        session: <Session 'python'>
      pytest_runtest_protocol [hook]
          item: <TestCaseFunction 'test_click_element'>
          nextitem: None
        pytest_runtest_logstart [hook]
            location: ('ios_complex.py', 49, 'ComplexIOSTests.test_click_element')
            nodeid: ios_complex.py::ComplexIOSTests::test_click_element
        finish pytest_runtest_logstart --> [] [hook]
        pytest_runtest_setup [hook]
            item: <TestCaseFunction 'test_click_element'>
        finish pytest_runtest_setup --> [] [hook]
        pytest_runtest_makereport [hook]
            item: <TestCaseFunction 'test_click_element'>
            call: <CallInfo when='setup' result: []>
        finish pytest_runtest_makereport --> <TestReport 'ios_complex.py::ComplexIOSTests::test_click_element' when='setup' outcome='passed'> [hook]
        pytest_runtest_logreport [hook]
            report: <TestReport 'ios_complex.py::ComplexIOSTests::test_click_element' when='setup' outcome='passed'>
          pytest_report_teststatus [hook]
              report: <TestReport 'ios_complex.py::ComplexIOSTests::test_click_element' when='setup' outcome='passed'>
          finish pytest_report_teststatus --> ('', '', '') [hook]
        finish pytest_runtest_logreport --> [] [hook]
        pytest_runtest_call [hook]
            item: <TestCaseFunction 'test_click_element'>
        finish pytest_runtest_call --> [] [hook]
        pytest_runtest_makereport [hook]
            item: <TestCaseFunction 'test_click_element'>
            call: <CallInfo when='call' result: []>
        finish pytest_runtest_makereport --> <TestReport 'ios_complex.py::ComplexIOSTests::test_click_element' when='call' outcome='passed'> [hook]
        pytest_runtest_logreport [hook]
            report: <TestReport 'ios_complex.py::ComplexIOSTests::test_click_element' when='call' outcome='passed'>
          pytest_report_teststatus [hook]
              report: <TestReport 'ios_complex.py::ComplexIOSTests::test_click_element' when='call' outcome='passed'>
          finish pytest_report_teststatus --> ('passed', '.', 'PASSED') [hook]
        finish pytest_runtest_logreport --> [] [hook]
        pytest_runtest_teardown [hook]
            item: <TestCaseFunction 'test_click_element'>
            nextitem: None
        finish pytest_runtest_teardown --> [] [hook]
        pytest_runtest_makereport [hook]
            item: <TestCaseFunction 'test_click_element'>
            call: <CallInfo when='teardown' result: []>
        finish pytest_runtest_makereport --> <TestReport 'ios_complex.py::ComplexIOSTests::test_click_element' when='teardown' outcome='passed'> [hook]
        pytest_runtest_logreport [hook]
            report: <TestReport 'ios_complex.py::ComplexIOSTests::test_click_element' when='teardown' outcome='passed'>
          pytest_report_teststatus [hook]
              report: <TestReport 'ios_complex.py::ComplexIOSTests::test_click_element' when='teardown' outcome='passed'>
          finish pytest_report_teststatus --> ('', '', '') [hook]
        finish pytest_runtest_logreport --> [] [hook]
      finish pytest_runtest_protocol --> True [hook]
    finish pytest_runtestloop --> True [hook]
    pytest_sessionfinish [hook]
        session: <Session 'python'>
        exitstatus: 0
    cache-write cache/lastfailed: {} [cache]
      pytest_terminal_summary [hook]
          terminalreporter: <_pytest.terminal.TerminalReporter instance at 0x102da1248>
      finish pytest_terminal_summary --> [] [hook]
    finish pytest_sessionfinish --> [] [hook]
    pytest_unconfigure [hook]
        config: <_pytest.config.Config object at 0x10243c2d0>
    finish pytest_unconfigure --> [] [hook]
  finish [config:tmpdir]
